2015-09-06 19:46:52,556 - D - Client Logging Manager Initialized
2015-09-06 19:46:52,620 - I - Dtella-Hub 2015.03.15.15.08
2015-09-06 19:46:52,621 - I - Listening on 127.0.0.1:7314
2015-09-06 19:48:24,405 - D - 0. Requesting config data from Google Spreadsheet...
2015-09-06 19:48:24,406 - D - Query failed!  Trying to proceed without it...
2015-09-06 19:48:24,450 - D - 1. Scanning For Online Nodes...
2015-09-06 19:48:26,767 - D - 2. Joining The Network.
2015-09-06 19:48:26,770 - D - 3. Network Sync In Progress...
2015-09-06 19:48:26,771 - D - [____________________] (0/35)
2015-09-06 19:48:26,772 - D - [>___________________] (2/35)
2015-09-06 19:48:26,773 - D - [>>__________________] (4/35)
2015-09-06 19:48:26,776 - D - [>>>>>>>>>___________] (17/35)
2015-09-06 19:48:26,777 - D - [>>>>>>>>>>>>________] (22/35)
2015-09-06 19:48:26,778 - D - [>>>>>>>>>>>>>_______] (23/35)
2015-09-06 19:48:26,780 - D - [>>>>>>>>>>>>>>>>>___] (30/35)
2015-09-06 19:48:26,783 - D - [>>>>>>>>>>>>>>>>>>__] (32/35)
2015-09-06 19:48:28,792 - D - [>>>>>>>>>>>>>>>>>>>_] (34/35)
2015-09-06 19:48:30,773 - D - [>>>>>>>>>>>>>>>>>>>>] (34/34)
2015-09-06 19:48:30,774 - D - 4. Sync Complete; You're Online!
2015-09-06 19:50:19,124 - D - 4. Sync Complete; You're Online!
2015-09-06 20:12:38,351 - D - 4. Sync Complete; You're Online!
2015-09-06 20:23:07,248 - D - Lost Sync!
2015-09-06 20:23:07,248 - D - Shutting down.
2015-09-06 20:23:07,256 - D - --
2015-09-06 20:23:07,256 - D - Next reconnect attempt in 10 seconds.
2015-09-06 20:23:17,984 - D - 0. Requesting config data from Google Spreadsheet...
2015-09-06 20:23:17,984 - D - Query failed!  Trying to proceed without it...
2015-09-06 20:23:18,027 - D - 1. Scanning For Online Nodes...
2015-09-06 20:24:14,773 - D - 2. Joining The Network.
2015-09-06 20:24:14,776 - D - 3. Network Sync In Progress...
2015-09-06 20:24:14,777 - D - [____________________] (0/41)
2015-09-06 20:24:14,780 - D - [>>__________________] (6/41)
2015-09-06 20:24:14,781 - D - [>>>_________________] (7/41)
2015-09-06 20:24:14,782 - D - [>>>>>>______________] (13/41)
2015-09-06 20:24:14,785 - D - [>>>>>>>>>>>_________] (23/41)
2015-09-06 20:24:14,787 - D - [>>>>>>>>>>>>________] (26/41)
2015-09-06 20:24:14,787 - D - [>>>>>>>>>>>>>_______] (27/41)
2015-09-06 20:24:14,788 - D - [>>>>>>>>>>>>>>______] (29/41)
2015-09-06 20:24:14,789 - D - [>>>>>>>>>>>>>>>_____] (31/41)
2015-09-06 20:24:14,790 - D - [>>>>>>>>>>>>>>>>____] (33/41)
2015-09-06 20:24:14,791 - D - [>>>>>>>>>>>>>>>>>___] (35/41)
2015-09-06 20:24:14,792 - D - [>>>>>>>>>>>>>>>>>>__] (37/41)
2015-09-06 20:24:14,793 - D - [>>>>>>>>>>>>>>>>>>>_] (39/41)
2015-09-06 20:24:18,781 - D - [>>>>>>>>>>>>>>>>>>>>] (40/40)
2015-09-06 20:24:18,781 - D - 4. Sync Complete; You're Online!
2015-09-06 21:52:10,993 - D - Lost Sync!
2015-09-06 21:52:10,993 - D - Shutting down.
2015-09-06 21:52:10,996 - D - --
2015-09-06 21:52:10,997 - D - Next reconnect attempt in 11 seconds.
2015-09-06 21:52:22,974 - D - 0. Requesting config data from Google Spreadsheet...
2015-09-06 21:52:22,975 - D - Query failed!  Trying to proceed without it...
2015-09-06 21:52:23,023 - D - 1. Scanning For Online Nodes...
2015-09-06 21:52:23,279 - D - 2. Joining The Network.
2015-09-06 21:52:23,284 - D - 3. Network Sync In Progress...
2015-09-06 21:52:23,284 - D - [____________________] (0/40)
2015-09-06 21:52:23,286 - D - [>___________________] (2/40)
2015-09-06 21:52:23,289 - D - [>>>>>>>_____________] (14/40)
2015-09-06 21:52:23,290 - D - [>>>>>>>>____________] (16/40)
2015-09-06 21:52:23,291 - D - [>>>>>>>>>___________] (18/40)
2015-09-06 21:52:23,294 - D - [>>>>>>>>>>>>>>>_____] (30/40)
2015-09-06 21:52:23,296 - D - [>>>>>>>>>>>>>>>>>___] (34/40)
2015-09-06 21:52:23,297 - D - [>>>>>>>>>>>>>>>>>>__] (36/40)
2015-09-06 21:52:23,302 - D - [>>>>>>>>>>>>>>>>>>>_] (38/40)
2015-09-06 21:52:27,292 - D - [>>>>>>>>>>>>>>>>>>>>] (39/39)
2015-09-06 21:52:27,293 - D - 4. Sync Complete; You're Online!
2015-09-06 22:04:21,990 - D - 4. Sync Complete; You're Online!
2015-09-07 12:29:49,545 - D - Lost Sync!
2015-09-07 12:29:49,546 - D - Shutting down.
2015-09-07 12:29:49,548 - D - --
2015-09-07 12:29:49,548 - D - Next reconnect attempt in 9 seconds.
2015-09-07 12:29:58,954 - D - 0. Requesting config data from Google Spreadsheet...
2015-09-07 12:29:58,954 - D - Query failed!  Trying to proceed without it...
2015-09-07 12:29:59,004 - D - 1. Scanning For Online Nodes...
2015-09-07 12:29:59,212 - D - 2. Joining The Network.
2015-09-07 12:29:59,215 - D - 3. Network Sync In Progress...
2015-09-07 12:29:59,215 - D - [____________________] (0/20)
2015-09-07 12:29:59,218 - D - [>>>>________________] (4/20)
2015-09-07 12:29:59,226 - D - [>>>>>>>>>>>>>>>>____] (16/20)
2015-09-07 12:29:59,226 - D - [>>>>>>>>>>>>>>>>>___] (17/20)
2015-09-07 12:29:59,228 - D - [>>>>>>>>>>>>>>>>>>__] (18/20)
2015-09-07 12:29:59,229 - D - [>>>>>>>>>>>>>>>>>>>_] (19/20)
2015-09-07 12:30:03,225 - D - [>>>>>>>>>>>>>>>>>>>>] (19/19)
2015-09-07 12:30:03,226 - D - 4. Sync Complete; You're Online!
2015-09-07 14:13:39,532 - D - Lost Sync!
2015-09-07 14:13:39,534 - D - Shutting down.
2015-09-07 14:13:39,540 - D - --
2015-09-07 14:13:39,546 - D - Next reconnect attempt in 8 seconds.
2015-09-07 14:13:48,438 - D - 0. Requesting config data from Google Spreadsheet...
2015-09-07 14:13:48,439 - D - Query failed!  Trying to proceed without it...
2015-09-07 14:13:48,487 - D - 1. Scanning For Online Nodes...
2015-09-07 14:13:48,695 - D - 2. Joining The Network.
2015-09-07 14:13:48,698 - D - 3. Network Sync In Progress...
2015-09-07 14:13:48,699 - D - [____________________] (0/14)
2015-09-07 14:13:48,700 - D - [>___________________] (1/14)
2015-09-07 14:13:48,708 - D - [>>>>>>>>>>>>>>>>>>__] (13/14)
2015-09-07 14:13:52,701 - D - [>>>>>>>>>>>>>>>>>>>>] (13/13)
2015-09-07 14:13:52,702 - D - 4. Sync Complete; You're Online!
2015-09-07 18:59:18,525 - D - Lost Sync!
2015-09-07 18:59:18,525 - D - Shutting down.
2015-09-07 18:59:18,526 - D - --
2015-09-07 18:59:18,526 - D - Next reconnect attempt in 10 seconds.
2015-09-07 18:59:28,605 - D - 0. Requesting config data from Google Spreadsheet...
2015-09-07 18:59:28,606 - D - Query failed!  Trying to proceed without it...
2015-09-07 18:59:28,645 - D - 1. Scanning For Online Nodes...
2015-09-07 18:59:28,858 - D - 2. Joining The Network.
2015-09-07 18:59:28,862 - D - 3. Network Sync In Progress...
2015-09-07 18:59:28,862 - D - [____________________] (0/20)
2015-09-07 18:59:28,864 - D - [>>__________________] (2/20)
2015-09-07 18:59:28,876 - D - [>>>>>>>>>>>>>>>>____] (16/20)
2015-09-07 18:59:28,877 - D - [>>>>>>>>>>>>>>>>>>__] (18/20)
2015-09-07 18:59:28,929 - D - [>>>>>>>>>>>>>>>>>>>_] (19/20)
2015-09-07 18:59:32,864 - D - [>>>>>>>>>>>>>>>>>>>>] (19/19)
2015-09-07 18:59:32,864 - D - 4. Sync Complete; You're Online!
2015-09-08 03:43:28,048 - D - Lost Sync!
2015-09-08 03:43:28,048 - D - Shutting down.
2015-09-08 03:43:28,050 - D - --
2015-09-08 03:43:28,050 - D - Next reconnect attempt in 10 seconds.
2015-09-08 03:43:38,275 - D - 0. Requesting config data from Google Spreadsheet...
2015-09-08 03:43:38,275 - D - Query failed!  Trying to proceed without it...
2015-09-08 03:43:38,317 - D - 1. Scanning For Online Nodes...
2015-09-08 03:43:38,524 - D - 2. Joining The Network.
2015-09-08 03:43:38,527 - D - 3. Network Sync In Progress...
2015-09-08 03:43:38,530 - D - [>___________________] (2/36)
2015-09-08 03:43:38,530 - D - [>>__________________] (4/36)
2015-09-08 03:43:38,533 - D - [>>>>>>>>____________] (16/36)
2015-09-08 03:43:38,533 - D - [>>>>>>>>>___________] (17/36)
2015-09-08 03:43:38,534 - D - [>>>>>>>>>>__________] (19/36)
2015-09-08 03:43:38,535 - D - [>>>>>>>>>>>>________] (23/36)
2015-09-08 03:43:38,536 - D - [>>>>>>>>>>>>>_______] (24/36)
2015-09-08 03:43:38,537 - D - [>>>>>>>>>>>>>>>_____] (27/36)
2015-09-08 03:43:38,539 - D - [>>>>>>>>>>>>>>>>____] (29/36)
2015-09-08 03:43:38,552 - D - [>>>>>>>>>>>>>>>>>___] (31/36)
2015-09-08 03:43:40,535 - D - [>>>>>>>>>>>>>>>>>>__] (33/36)
2015-09-08 03:43:42,533 - D - [>>>>>>>>>>>>>>>>>>>_] (33/34)
2015-09-08 03:43:42,534 - D - [>>>>>>>>>>>>>>>>>>>>] (33/33)
2015-09-08 03:43:42,535 - D - 4. Sync Complete; You're Online!
2015-09-08 12:36:23,057 - D - Lost Sync!
2015-09-08 12:36:23,057 - D - Shutting down.
2015-09-08 12:36:23,060 - D - --
2015-09-08 12:36:23,060 - D - Next reconnect attempt in 11 seconds.
2015-09-08 12:36:34,673 - D - 0. Requesting config data from Google Spreadsheet...
2015-09-08 12:36:34,673 - D - Query failed!  Trying to proceed without it...
2015-09-08 12:36:34,715 - D - 1. Scanning For Online Nodes...
2015-09-08 12:36:35,072 - D - 2. Joining The Network.
2015-09-08 12:36:35,074 - D - 3. Network Sync In Progress...
2015-09-08 12:36:35,074 - D - [____________________] (0/13)
2015-09-08 12:36:35,076 - D - [>___________________] (1/13)
2015-09-08 12:36:35,077 - D - [>>>_________________] (2/13)
2015-09-08 12:36:35,078 - D - [>>>>>>>_____________] (5/13)
2015-09-08 12:36:35,079 - D - [>>>>>>>>>>>>>>>_____] (10/13)
2015-09-08 12:36:35,080 - D - [>>>>>>>>>>>>>>>>____] (11/13)
2015-09-08 12:36:35,083 - D - [>>>>>>>>>>>>>>>>>>__] (12/13)
2015-09-08 12:36:39,077 - D - [>>>>>>>>>>>>>>>>>>>>] (12/12)
2015-09-08 12:36:39,080 - D - 4. Sync Complete; You're Online!
2015-09-08 14:05:35,041 - D - Lost Sync!
2015-09-08 14:05:35,042 - D - Shutting down.
2015-09-08 14:05:35,044 - D - --
2015-09-08 14:05:35,044 - D - Next reconnect attempt in 10 seconds.
2015-09-08 14:05:45,289 - D - 0. Requesting config data from Google Spreadsheet...
2015-09-08 14:05:45,290 - D - Query failed!  Trying to proceed without it...
2015-09-08 14:05:45,331 - D - 1. Scanning For Online Nodes...
2015-09-08 14:05:45,542 - D - 2. Joining The Network.
2015-09-08 14:05:45,546 - D - 3. Network Sync In Progress...
2015-09-08 14:05:45,547 - D - [____________________] (0/12)
2015-09-08 14:05:45,549 - D - [>___________________] (1/12)
2015-09-08 14:05:45,550 - D - [>>>>>>______________] (4/12)
2015-09-08 14:05:45,551 - D - [>>>>>>>>____________] (5/12)
2015-09-08 14:05:45,552 - D - [>>>>>>>>>>>_________] (7/12)
2015-09-08 14:05:45,552 - D - [>>>>>>>>>>>>>_______] (8/12)
2015-09-08 14:05:45,553 - D - [>>>>>>>>>>>>>>>_____] (9/12)
2015-09-08 14:05:45,553 - D - [>>>>>>>>>>>>>>>>____] (10/12)
2015-09-08 14:05:45,568 - D - [>>>>>>>>>>>>>>>>>>__] (11/12)
2015-09-08 14:05:49,552 - D - [>>>>>>>>>>>>>>>>>>>>] (11/11)
2015-09-08 14:05:49,554 - D - 4. Sync Complete; You're Online!
2015-09-08 18:50:01,042 - D - Lost Sync!
2015-09-08 18:50:01,042 - D - Shutting down.
2015-09-08 18:50:01,044 - D - --
2015-09-08 18:50:01,044 - D - Next reconnect attempt in 10 seconds.
2015-09-08 18:50:11,275 - D - 0. Requesting config data from Google Spreadsheet...
2015-09-08 18:50:11,277 - D - Query failed!  Trying to proceed without it...
2015-09-08 18:50:11,383 - D - 1. Scanning For Online Nodes...
2015-09-08 18:50:11,592 - D - 2. Joining The Network.
2015-09-08 18:50:11,595 - D - 3. Network Sync In Progress...
2015-09-08 18:50:11,600 - D - [>>>>>>>>____________] (7/17)
2015-09-08 18:50:11,600 - D - [>>>>>>>>>___________] (8/17)
2015-09-08 18:50:11,601 - D - [>>>>>>>>>>__________] (9/17)
2015-09-08 18:50:11,602 - D - [>>>>>>>>>>>_________] (10/17)
2015-09-08 18:50:11,604 - D - [>>>>>>>>>>>>>>______] (12/17)
2015-09-08 18:50:11,605 - D - [>>>>>>>>>>>>>>>>____] (14/17)
2015-09-08 18:50:11,606 - D - [>>>>>>>>>>>>>>>>>___] (15/17)
2015-09-08 18:50:11,649 - D - [>>>>>>>>>>>>>>>>>>__] (16/17)
2015-09-08 18:50:15,596 - D - [>>>>>>>>>>>>>>>>>>>>] (16/16)
2015-09-08 18:50:15,596 - D - 4. Sync Complete; You're Online!
2015-09-09 00:11:10,000 - D - Lost Sync!
2015-09-09 00:11:10,001 - D - Shutting down.
2015-09-09 00:11:10,002 - D - --
2015-09-09 00:11:10,003 - D - Next reconnect attempt in 10 seconds.
2015-09-09 00:11:20,821 - D - 0. Requesting config data from Google Spreadsheet...
2015-09-09 00:11:20,822 - D - Query failed!  Trying to proceed without it...
2015-09-09 00:11:20,879 - D - 1. Scanning For Online Nodes...
2015-09-09 00:11:21,085 - D - 2. Joining The Network.
2015-09-09 00:11:21,087 - D - 3. Network Sync In Progress...
2015-09-09 00:11:21,088 - D - [____________________] (0/28)
2015-09-09 00:11:21,094 - D - [>>>>>>>>____________] (12/28)
2015-09-09 00:11:21,095 - D - [>>>>>>>>>>__________] (15/28)
2015-09-09 00:11:21,096 - D - [>>>>>>>>>>>_________] (16/28)
2015-09-09 00:11:21,097 - D - [>>>>>>>>>>>>>_______] (19/28)
2015-09-09 00:11:21,097 - D - [>>>>>>>>>>>>>>>_____] (21/28)
2015-09-09 00:11:21,098 - D - [>>>>>>>>>>>>>>>>____] (23/28)
2015-09-09 00:11:21,100 - D - [>>>>>>>>>>>>>>>>>___] (24/28)
2015-09-09 00:11:21,105 - D - [>>>>>>>>>>>>>>>>>>__] (26/28)
2015-09-09 00:11:21,138 - D - [>>>>>>>>>>>>>>>>>>>_] (27/28)
2015-09-09 00:11:25,095 - D - [>>>>>>>>>>>>>>>>>>>>] (27/27)
2015-09-09 00:11:25,095 - D - 4. Sync Complete; You're Online!
2015-09-09 00:11:52,008 - D - 4. Sync Complete; You're Online!
2015-09-14 06:43:54,343 - D - Client Logging Manager Initialized
2015-09-14 06:43:54,642 - I - Dtella-Hub 2015.03.15.15.08
2015-09-14 06:43:54,643 - I - Listening on 127.0.0.1:7314
2015-09-14 06:44:40,232 - I - Reactor is shutting down.  Doing cleanup.
2015-09-14 06:44:48,912 - D - Client Logging Manager Initialized
2015-09-14 06:44:48,924 - I - Dtella-Hub 2015.03.15.15.08
2015-09-14 06:44:48,924 - I - Listening on 127.0.0.1:7314
2015-09-14 06:45:14,179 - D - 0. Requesting config data from Google Spreadsheet...
2015-09-14 06:45:16,044 - D - Query failed!  Trying to proceed without it...
2015-09-14 06:45:16,147 - D - 1. Scanning For Online Nodes...
2015-09-14 06:45:16,765 - D - 2. Joining The Network.
2015-09-14 06:45:16,772 - D - 3. Network Sync In Progress...
2015-09-14 06:45:16,777 - D - [____________________] (0/17)
2015-09-14 06:45:16,788 - D - [>>>>>>>>>>>>>>______] (12/17)
2015-09-14 06:45:16,791 - D - [>>>>>>>>>>>>>>>>>>__] (16/17)
2015-09-14 06:45:16,793 - D - [>>>>>>>>>>>>>>>>>>>>] (17/17)
2015-09-14 06:45:16,794 - D - 4. Sync Complete; You're Online!
